<?xml version="1.0" encoding="UTF-8"?>
<testsuite name="com.example.restservice.RestServiceApplicationTests" tests="1" skipped="0" failures="0" errors="0" timestamp="2021-03-22T09:50:33" hostname="DESKTOP-C6V93R3" time="0.388">
  <properties/>
  <testcase name="contextLoads()" classname="com.example.restservice.RestServiceApplicationTests" time="0.388"/>
  <system-out><![CDATA[12:50:31.162 [Test worker] DEBUG org.springframework.test.context.BootstrapUtils - Instantiating CacheAwareContextLoaderDelegate from class [org.springframework.test.context.cache.DefaultCacheAwareContextLoaderDelegate]
12:50:31.175 [Test worker] DEBUG org.springframework.test.context.BootstrapUtils - Instantiating BootstrapContext using constructor [public org.springframework.test.context.support.DefaultBootstrapContext(java.lang.Class,org.springframework.test.context.CacheAwareContextLoaderDelegate)]
12:50:31.210 [Test worker] DEBUG org.springframework.test.context.BootstrapUtils - Instantiating TestContextBootstrapper for test class [com.example.restservice.RestServiceApplicationTests] from class [org.springframework.boot.test.context.SpringBootTestContextBootstrapper]
12:50:31.222 [Test worker] INFO org.springframework.boot.test.context.SpringBootTestContextBootstrapper - Neither @ContextConfiguration nor @ContextHierarchy found for test class [com.example.restservice.RestServiceApplicationTests], using SpringBootContextLoader
12:50:31.226 [Test worker] DEBUG org.springframework.test.context.support.AbstractContextLoader - Did not detect default resource location for test class [com.example.restservice.RestServiceApplicationTests]: class path resource [com/example/restservice/RestServiceApplicationTests-context.xml] does not exist
12:50:31.226 [Test worker] DEBUG org.springframework.test.context.support.AbstractContextLoader - Did not detect default resource location for test class [com.example.restservice.RestServiceApplicationTests]: class path resource [com/example/restservice/RestServiceApplicationTestsContext.groovy] does not exist
12:50:31.227 [Test worker] INFO org.springframework.test.context.support.AbstractContextLoader - Could not detect default resource locations for test class [com.example.restservice.RestServiceApplicationTests]: no resource found for suffixes {-context.xml, Context.groovy}.
12:50:31.227 [Test worker] INFO org.springframework.test.context.support.AnnotationConfigContextLoaderUtils - Could not detect default configuration classes for test class [com.example.restservice.RestServiceApplicationTests]: RestServiceApplicationTests does not declare any static, non-private, non-final, nested classes annotated with @Configuration.
12:50:31.270 [Test worker] DEBUG org.springframework.test.context.support.ActiveProfilesUtils - Could not find an 'annotation declaring class' for annotation type [org.springframework.test.context.ActiveProfiles] and class [com.example.restservice.RestServiceApplicationTests]
12:50:31.332 [Test worker] DEBUG org.springframework.context.annotation.ClassPathScanningCandidateComponentProvider - Identified candidate component class: file [C:\Users\muhme\Desktop\rest-service\build\classes\java\main\com\example\restservice\RestServiceApplication.class]
12:50:31.342 [Test worker] INFO org.springframework.boot.test.context.SpringBootTestContextBootstrapper - Found @SpringBootConfiguration com.example.restservice.RestServiceApplication for test class com.example.restservice.RestServiceApplicationTests
12:50:31.455 [Test worker] DEBUG org.springframework.boot.test.context.SpringBootTestContextBootstrapper - @TestExecutionListeners is not present for class [com.example.restservice.RestServiceApplicationTests]: using defaults.
12:50:31.456 [Test worker] INFO org.springframework.boot.test.context.SpringBootTestContextBootstrapper - Loaded default TestExecutionListener class names from location [META-INF/spring.factories]: [org.springframework.boot.test.autoconfigure.restdocs.RestDocsTestExecutionListener, org.springframework.boot.test.autoconfigure.web.client.MockRestServiceServerResetTestExecutionListener, org.springframework.boot.test.autoconfigure.web.servlet.MockMvcPrintOnlyOnFailureTestExecutionListener, org.springframework.boot.test.autoconfigure.web.servlet.WebDriverTestExecutionListener, org.springframework.boot.test.autoconfigure.webservices.client.MockWebServiceServerTestExecutionListener, org.springframework.boot.test.mock.mockito.MockitoTestExecutionListener, org.springframework.boot.test.mock.mockito.ResetMocksTestExecutionListener, org.springframework.test.context.web.ServletTestExecutionListener, org.springframework.test.context.support.DirtiesContextBeforeModesTestExecutionListener, org.springframework.test.context.event.ApplicationEventsTestExecutionListener, org.springframework.test.context.support.DependencyInjectionTestExecutionListener, org.springframework.test.context.support.DirtiesContextTestExecutionListener, org.springframework.test.context.transaction.TransactionalTestExecutionListener, org.springframework.test.context.jdbc.SqlScriptsTestExecutionListener, org.springframework.test.context.event.EventPublishingTestExecutionListener]
12:50:31.471 [Test worker] DEBUG org.springframework.boot.test.context.SpringBootTestContextBootstrapper - Skipping candidate TestExecutionListener [org.springframework.test.context.transaction.TransactionalTestExecutionListener] due to a missing dependency. Specify custom listener classes or make the default listener classes and their required dependencies available. Offending class: [org/springframework/transaction/interceptor/TransactionAttributeSource]
12:50:31.471 [Test worker] DEBUG org.springframework.boot.test.context.SpringBootTestContextBootstrapper - Skipping candidate TestExecutionListener [org.springframework.test.context.jdbc.SqlScriptsTestExecutionListener] due to a missing dependency. Specify custom listener classes or make the default listener classes and their required dependencies available. Offending class: [org/springframework/transaction/interceptor/TransactionAttribute]
12:50:31.472 [Test worker] INFO org.springframework.boot.test.context.SpringBootTestContextBootstrapper - Using TestExecutionListeners: [org.springframework.test.context.web.ServletTestExecutionListener@2a1684bf, org.springframework.test.context.support.DirtiesContextBeforeModesTestExecutionListener@53a70c76, org.springframework.test.context.event.ApplicationEventsTestExecutionListener@62874a48, org.springframework.boot.test.mock.mockito.MockitoTestExecutionListener@1849d1a1, org.springframework.boot.test.autoconfigure.SpringBootDependencyInjectionTestExecutionListener@6e48d6b, org.springframework.test.context.support.DirtiesContextTestExecutionListener@6d4bf57d, org.springframework.test.context.event.EventPublishingTestExecutionListener@35c62796, org.springframework.boot.test.autoconfigure.restdocs.RestDocsTestExecutionListener@63d43c56, org.springframework.boot.test.autoconfigure.web.client.MockRestServiceServerResetTestExecutionListener@41797a92, org.springframework.boot.test.autoconfigure.web.servlet.MockMvcPrintOnlyOnFailureTestExecutionListener@73ab9fdd, org.springframework.boot.test.autoconfigure.web.servlet.WebDriverTestExecutionListener@7755eca9, org.springframework.boot.test.autoconfigure.webservices.client.MockWebServiceServerTestExecutionListener@35214899, org.springframework.boot.test.mock.mockito.ResetMocksTestExecutionListener@3f861945]
12:50:31.475 [Test worker] DEBUG org.springframework.test.context.support.AbstractDirtiesContextTestExecutionListener - Before test class: context [DefaultTestContext@3b146712 testClass = RestServiceApplicationTests, testInstance = [null], testMethod = [null], testException = [null], mergedContextConfiguration = [WebMergedContextConfiguration@810e469 testClass = RestServiceApplicationTests, locations = '{}', classes = '{class com.example.restservice.RestServiceApplication}', contextInitializerClasses = '[]', activeProfiles = '{}', propertySourceLocations = '{}', propertySourceProperties = '{org.springframework.boot.test.context.SpringBootTestContextBootstrapper=true}', contextCustomizers = set[org.springframework.boot.test.autoconfigure.actuate.metrics.MetricsExportContextCustomizerFactory$DisableMetricExportContextCustomizer@813b1f4, org.springframework.boot.test.autoconfigure.properties.PropertyMappingContextCustomizer@0, org.springframework.boot.test.autoconfigure.web.servlet.WebDriverContextCustomizerFactory$Customizer@4a8f8ca4, org.springframework.boot.test.context.filter.ExcludeFilterContextCustomizer@21de0690, org.springframework.boot.test.json.DuplicateJsonObjectContextCustomizerFactory$DuplicateJsonObjectContextCustomizer@37b1bf98, org.springframework.boot.test.mock.mockito.MockitoContextCustomizer@0, org.springframework.boot.test.web.client.TestRestTemplateContextCustomizer@6ca10eba, org.springframework.boot.test.context.SpringBootTestArgs@1, org.springframework.boot.test.context.SpringBootTestWebEnvironment@69889297], resourceBasePath = 'src/main/webapp', contextLoader = 'org.springframework.boot.test.context.SpringBootContextLoader', parent = [null]], attributes = map['org.springframework.test.context.web.ServletTestExecutionListener.activateListener' -> true]], class annotated with @DirtiesContext [false] with mode [null].
12:50:31.517 [Test worker] DEBUG org.springframework.test.context.support.TestPropertySourceUtils - Adding inlined properties to environment: {spring.jmx.enabled=false, org.springframework.boot.test.context.SpringBootTestContextBootstrapper=true}

  .   ____          _            __ _ _
 /\\ / ___'_ __ _ _(_)_ __  __ _ \ \ \ \
( ( )\___ | '_ | '_| | '_ \/ _` | \ \ \ \
 \\/  ___)| |_)| | | | | || (_| |  ) ) ) )
  '  |____| .__|_| |_|_| |_\__, | / / / /
 =========|_|==============|___/=/_/_/_/
 :: Spring Boot ::                (v2.4.4)

2021-03-22 12:50:31.796  INFO 8728 --- [    Test worker] c.e.r.RestServiceApplicationTests        : Starting RestServiceApplicationTests using Java 15.0.2 on DESKTOP-C6V93R3 with PID 8728 (started by YUKSEL in C:\Users\muhme\Desktop\rest-service)
2021-03-22 12:50:31.799  INFO 8728 --- [    Test worker] c.e.r.RestServiceApplicationTests        : No active profile set, falling back to default profiles: default
2021-03-22 12:50:32.896  INFO 8728 --- [    Test worker] o.s.s.concurrent.ThreadPoolTaskExecutor  : Initializing ExecutorService 'applicationTaskExecutor'
2021-03-22 12:50:33.189  INFO 8728 --- [    Test worker] c.e.r.RestServiceApplicationTests        : Started RestServiceApplicationTests in 1.664 seconds (JVM running for 3.02)
]]></system-out>
  <system-err><![CDATA[]]></system-err>
</testsuite>
